<?xml version="1.0" encoding="UTF-8"?>
<!-- Generated by org.testng.reporters.JUnitXMLReporter -->
<testsuite ignored="1" hostname="LAPTOP-GAUPM6CM" failures="0" tests="1" name="Default test" time="1.816" errors="0" timestamp="2025-10-30T21:00:00 IST">
  <testcase classname="apitestswithnonbdd.GoRestAPITests" name="getAllUsersWithQueryParam" time="1.772"/>
  <testcase classname="apitestswithnonbdd.GoRestAPITests" name="getAllUsersWithQueryParamAsMap" time="0.0">
    <ignored/>
  </testcase> <!-- getAllUsersWithQueryParamAsMap -->
</testsuite> <!-- Default test -->
