<?xml version="1.0" encoding="UTF-8"?>
<testng-results ignored="0" total="2" passed="2" failed="0" skipped="0">
  <reporter-output>
  </reporter-output>
  <suite started-at="2025-10-29T21:08:59 IST" name="Default suite" finished-at="2025-10-29T21:09:04 IST" duration-ms="5307">
    <groups>
    </groups>
    <test started-at="2025-10-29T21:08:59 IST" name="Default test" finished-at="2025-10-29T21:09:04 IST" duration-ms="5307">
      <class name="apitestswithbdd.ContactsAPITests2">
        <test-method is-config="true" signature="setUp()[pri:0, instance:apitestswithbdd.ContactsAPITests2@49139829]" started-at="2025-10-29T21:08:59 IST" name="setUp" finished-at="2025-10-29T21:09:00 IST" duration-ms="578" status="PASS">
          <reporter-output>
          </reporter-output>
        </test-method> <!-- setUp -->
        <test-method signature="getContactsAPIAuthErroTest()[pri:0, instance:apitestswithbdd.ContactsAPITests2@49139829]" started-at="2025-10-29T21:09:00 IST" name="getContactsAPIAuthErroTest" finished-at="2025-10-29T21:09:03 IST" duration-ms="2949" status="PASS">
          <reporter-output>
          </reporter-output>
        </test-method> <!-- getContactsAPIAuthErroTest -->
        <test-method is-config="true" signature="setUp()[pri:0, instance:apitestswithbdd.ContactsAPITests2@49139829]" started-at="2025-10-29T21:09:03 IST" name="setUp" finished-at="2025-10-29T21:09:03 IST" duration-ms="2" status="PASS">
          <reporter-output>
          </reporter-output>
        </test-method> <!-- setUp -->
        <test-method signature="getContactsAPITest()[pri:0, instance:apitestswithbdd.ContactsAPITests2@49139829]" started-at="2025-10-29T21:09:03 IST" name="getContactsAPITest" finished-at="2025-10-29T21:09:04 IST" duration-ms="1725" status="PASS">
          <reporter-output>
          </reporter-output>
        </test-method> <!-- getContactsAPITest -->
      </class> <!-- apitestswithbdd.ContactsAPITests2 -->
    </test> <!-- Default test -->
  </suite> <!-- Default suite -->
</testng-results>
