<?xml version="1.0" encoding="UTF-8"?>
<testng-results ignored="0" total="1" passed="1" failed="0" skipped="0">
  <reporter-output>
  </reporter-output>
  <suite started-at="2025-11-06T21:11:59 IST" name="Default suite" finished-at="2025-11-06T21:12:02 IST" duration-ms="3153">
    <groups>
    </groups>
    <test started-at="2025-11-06T21:11:59 IST" name="Default test" finished-at="2025-11-06T21:12:02 IST" duration-ms="3153">
      <class name="createuserwithpojo.CreateUserTestWithPOJO">
        <test-method signature="createUserTest()[pri:0, instance:createuserwithpojo.CreateUserTestWithPOJO@57a3af25]" started-at="2025-11-06T21:11:59 IST" name="createUserTest" finished-at="2025-11-06T21:12:02 IST" duration-ms="3094" status="PASS">
          <reporter-output>
          </reporter-output>
        </test-method> <!-- createUserTest -->
      </class> <!-- createuserwithpojo.CreateUserTestWithPOJO -->
    </test> <!-- Default test -->
  </suite> <!-- Default suite -->
</testng-results>
