<?xml version="1.0" encoding="UTF-8"?>
<!-- Generated by org.testng.reporters.JUnitReportReporter -->
<testsuite hostname="LAPTOP-GAUPM6CM" failures="0" tests="1" name="createuserwithpojoandlambok.CreateUserTestWithLombokBuilder" time="2.619" errors="0" timestamp="2025-11-07T21:20:15 IST" skipped="0">
  <testcase classname="createuserwithpojoandlambok.CreateUserTestWithLombokBuilder" name="createUserTest" time="2.619"/>
</testsuite> <!-- createuserwithpojoandlambok.CreateUserTestWithLombokBuilder -->
