<?xml version="1.0" encoding="UTF-8"?>
<!-- Generated by org.testng.reporters.JUnitReportReporter -->
<testsuite hostname="LAPTOP-GAUPM6CM" failures="0" tests="3" name="productapi.QueryParam" time="2.379" errors="0" timestamp="2025-10-31T19:16:19 IST" skipped="2">
  <testcase classname="productapi.QueryParam" name="quesryParamUsingPathParamterTest" time="2.379"/>
  <testcase classname="productapi.QueryParam" name="quesryParamTest">
    <skipped/>
  </testcase> <!-- quesryParamTest -->
  <testcase classname="productapi.QueryParam" name="quesryParamUsingHashMapTest">
    <skipped/>
  </testcase> <!-- quesryParamUsingHashMapTest -->
</testsuite> <!-- productapi.QueryParam -->
