<?xml version="1.0" encoding="UTF-8"?>
<!-- Generated by org.testng.reporters.JUnitReportReporter -->
<testsuite hostname="LAPTOP-GAUPM6CM" failures="0" tests="4" name="apitestswithbdd.GoRestAPITest" time="2.223" errors="0" timestamp="2025-10-31T21:07:53 IST" skipped="3">
  <testcase classname="apitestswithbdd.GoRestAPITest" name="createUserTest2" time="2.223"/>
  <testcase classname="apitestswithbdd.GoRestAPITest" name="createUserTest">
    <skipped/>
  </testcase> <!-- createUserTest -->
  <testcase classname="apitestswithbdd.GoRestAPITest" name="deleteUserTest">
    <skipped/>
  </testcase> <!-- deleteUserTest -->
  <testcase classname="apitestswithbdd.GoRestAPITest" name="getAllUserTest">
    <skipped/>
  </testcase> <!-- getAllUserTest -->
</testsuite> <!-- apitestswithbdd.GoRestAPITest -->
