<?xml version="1.0" encoding="UTF-8"?>
<!-- Generated by org.testng.reporters.JUnitReportReporter -->
<testsuite hostname="LAPTOP-GAUPM6CM" failures="0" tests="2" name="apitestswithbdd.FakeStoreAPITests" time="2.926" errors="0" timestamp="2025-10-31T20:48:56 IST" skipped="0">
  <testcase classname="apitestswithbdd.FakeStoreAPITests" name="getProductsCountTest" time="2.437"/>
  <testcase classname="apitestswithbdd.FakeStoreAPITests" name="getProductsTest" time="0.489"/>
</testsuite> <!-- apitestswithbdd.FakeStoreAPITests -->
