<?xml version="1.0" encoding="UTF-8"?>
<!-- Generated by org.testng.reporters.JUnitReportReporter -->
<testsuite hostname="LAPTOP-GAUPM6CM" failures="0" tests="2" name="apitestswithnonbdd.GoRestAPITests" time="2.066" errors="0" timestamp="2025-10-31T20:14:36 IST" skipped="1">
  <testcase classname="apitestswithnonbdd.GoRestAPITests" name="getAllUsersWithQueryParamAsMap" time="2.066"/>
  <testcase classname="apitestswithnonbdd.GoRestAPITests" name="getAllUsersWithQueryParam">
    <skipped/>
  </testcase> <!-- getAllUsersWithQueryParam -->
</testsuite> <!-- apitestswithnonbdd.GoRestAPITests -->
